\BOOKMARK [0][-]{chapter.1}{Wstep}{}% 1
\BOOKMARK [0][-]{chapter.2}{Preliminaria}{}% 2
\BOOKMARK [1][-]{section.2.1}{Definicje zwiazane z rachunkiem prawdopodobienstwa}{chapter.2}% 3
\BOOKMARK [1][-]{section.2.2}{Definicje zwiazane z algebra liniowa}{chapter.2}% 4
\BOOKMARK [1][-]{section.2.3}{Eksploracja danych i metody statystyczne uzyte w regu\233ach rekomendujacych}{chapter.2}% 5
\BOOKMARK [1][-]{section.2.4}{Definicje zwiazane z metodami}{chapter.2}% 6
\BOOKMARK [0][-]{chapter.3}{Modele tworzenia rekomendacji}{}% 7
\BOOKMARK [1][-]{section.3.1}{Filtrowanie kolaboratywne \(Collaborative filtering\)}{chapter.3}% 8
\BOOKMARK [2][-]{subsection.3.1.1}{Problem}{section.3.1}% 9
\BOOKMARK [2][-]{subsection.3.1.2}{Metoda}{section.3.1}% 10
\BOOKMARK [2][-]{subsection.3.1.3}{Filtrowanie kolaboratywne oparte na uzytkowniku}{section.3.1}% 11
\BOOKMARK [2][-]{subsection.3.1.4}{Filtrowanie kolaboratywne oparte na elementach}{section.3.1}% 12
\BOOKMARK [2][-]{subsection.3.1.5}{Wady i zalety filtrowania kolaboratywnego}{section.3.1}% 13
\BOOKMARK [2][-]{subsection.3.1.6}{Por\363wnanie filtrowania kolaboratywnego opartego na uzytkownikach i filtrowania kolaboratywnego opartego na elemtach:}{section.3.1}% 14
\BOOKMARK [1][-]{section.3.2}{Systemy rekomendujace oparte na tresci \(Content-based recommender systems\):}{chapter.3}% 15
\BOOKMARK [2][-]{subsection.3.2.1}{Problem}{section.3.2}% 16
\BOOKMARK [2][-]{subsection.3.2.2}{Metoda i Algorytm}{section.3.2}% 17
\BOOKMARK [2][-]{subsection.3.2.3}{Przyk\233ad}{section.3.2}% 18
\BOOKMARK [2][-]{subsection.3.2.4}{Wady i zalety systemu rekomendujacego opartego na tresci}{section.3.2}% 19
\BOOKMARK [1][-]{section.3.3}{Systemy rekomendujace kontekstowe \( Context \205 aware recommender systems\):}{chapter.3}% 20
\BOOKMARK [2][-]{subsection.3.3.1}{Problem}{section.3.3}% 21
\BOOKMARK [2][-]{subsection.3.3.2}{Metoda i Algorytm}{section.3.3}% 22
\BOOKMARK [2][-]{subsection.3.3.3}{Przyk\233ad}{section.3.3}% 23
\BOOKMARK [2][-]{subsection.3.3.4}{Wady i zalety system\363w rekomendujacych kontekstowych}{section.3.3}% 24
\BOOKMARK [1][-]{section.3.4}{Hybrydowe systemy rekomedyjace \(\):}{chapter.3}% 25
\BOOKMARK [1][-]{section.3.5}{Systemy rekomendujace oparte na modelach\(\):}{chapter.3}% 26
\BOOKMARK [0][-]{chapter.4}{Eksperymenty / czesc praktyczne}{}% 27
\BOOKMARK [0][-]{chapter.5}{Podsumowanie}{}% 28
